--------------------------------------------------------------------------------
S H A P E   v2.1         Continuous Shape Measures calculation
(c) 2013  Electronic Structure Group, Universitat de Barcelona
                   Contact:  llunell@ub.edu                   
--------------------------------------------------------------------------------

tetrahedral Zn 
--------------------------------------------------------------------------------

Ideal structures   ML4 
SP-4            1 D4h   Square
T-4             2 Td    Tetrahedron
SS-4            3 C2v   Seesaw
vTBPY-4         4 C3v   Vacant trigonal bipyramid

--------------------------------------------------------------------------------

Structure     1    [0]
    Cu        17.2790  48.9880  66.3370
    S         16.4860  46.7980  66.0820
    S         17.4500  48.7790  68.6790
    S         18.5840  49.3830  64.4430
    N         16.2510  50.8510  66.2010


 SP-4         Ideal structure    CShM =   14.46310
    Cu      M         17.2100  48.9598  66.3484
    S       L1        17.3596  46.8516  66.1868
    S       L2        16.6597  48.7646  68.3861
    S       L4        17.7603  49.1550  64.3107
    N       L3        17.0604  51.0680  66.5100


 T-4          Ideal structure    CShM =    5.69871
    Cu      M         17.2100  48.9598  66.3484
    S       L1        16.1666  47.0468  65.8950
    S       L2        17.9902  48.9036  68.4321
    S       L3        18.9025  49.2361  64.9297
    N       L4        15.7807  50.6527  66.1368


 SS-4         Ideal structure    CShM =    3.90170
    Cu      M         17.8546  49.0131  66.5227
    S       L2        16.4147  47.2189  65.9602
    S       L1        17.2578  48.7775  68.8024
    S       L4        18.4514  49.2487  64.2429
    N       L3        16.0715  50.5409  66.2138


 vTBPY-4      Ideal structure    CShM =    7.39152
    Cu      M         17.5163  48.6298  66.3940
    S       L2        15.9472  47.0966  65.8391
    S       L3        17.8165  49.2082  68.5611
    S       L4        18.7852  49.5846  64.7819
    N       L1        15.9847  50.2799  66.1658


--------------------------------------------------------------------------------
