--------------------------------------------------------------------------------
S H A P E   v2.1         Continuous Shape Measures calculation
(c) 2013  Electronic Structure Group, Universitat de Barcelona
                   Contact:  llunell@ub.edu                   
--------------------------------------------------------------------------------

tetrahedral Zn 
--------------------------------------------------------------------------------

Ideal structures   ML4 
SP-4            1 D4h   Square
T-4             2 Td    Tetrahedron
SS-4            3 C2v   Seesaw
vTBPY-4         4 C3v   Vacant trigonal bipyramid

--------------------------------------------------------------------------------

Structure     1    [0]
    Zn        17.4260  48.8260  66.5310
    S         16.3980  46.6990  66.1930
    S         17.7880  48.9640  68.8840
    S         19.1210  49.3330  64.9120
    N         16.0680  50.4360  66.0890


 SP-4         Ideal structure    CShM =   27.28832
    Zn      M         17.3602  48.8516  66.5218
    S       L1        17.5642  46.8744  66.4917
    S       L2        16.7214  48.7571  68.4019
    S       L4        17.9990  48.9461  64.6417
    N       L3        17.1562  50.8288  66.5519


 T-4          Ideal structure    CShM =    1.22668
    Zn      M         17.3602  48.8516  66.5218
    S       L1        16.4334  46.7691  66.1065
    S       L2        18.0055  48.9807  68.7433
    S       L3        19.2101  49.1589  65.1611
    N       L4        15.7918  50.4977  66.0762


 SS-4         Ideal structure    CShM =    6.08918
    Zn      M         17.9899  48.9510  66.7391
    S       L2        16.6804  47.0395  66.1892
    S       L1        17.2325  48.8214  68.9931
    S       L4        18.7474  49.0806  64.4851
    N       L3        16.1508  50.3654  66.2024


 vTBPY-4      Ideal structure    CShM =    2.16221
    Zn      M         17.6854  48.5199  66.6118
    S       L2        16.1361  46.8372  66.0069
    S       L3        17.8156  49.2564  68.8563
    S       L4        19.1044  49.4660  64.9721
    N       L1        16.0595  50.1786  66.1619


--------------------------------------------------------------------------------
