--------------------------------------------------------------------------------
S H A P E   v2.1         Continuous Shape Measures calculation
(c) 2013  Electronic Structure Group, Universitat de Barcelona
                   Contact:  llunell@ub.edu                   
--------------------------------------------------------------------------------

tetrahedral Zn 
--------------------------------------------------------------------------------

Ideal structures   ML3 
TP-3            1 D3h   Trigonal
vT-3            2 C3v   Vacant tetrahedron
fvOC-3          3 C3v   fac-Trivacant octahedron
mvOC-3          4 C2v   mer-Trivacant octahedron

--------------------------------------------------------------------------------

Structure     1    [0]
    Cu        15.9890  49.0650  66.2570
    S         15.8680  46.8680  66.0700
    S         18.1880  49.6670  66.3040
    N         14.8770  50.6950  66.5230


 TP-3         Ideal structure    CShM =    1.22885
    Cu      M         16.2305  49.0737  66.2885
    S       L1        15.7073  47.0178  66.0789
    S       L2        18.2809  49.6573  66.2872
    N       L3        14.7034  50.5461  66.4994


 vT-3         Ideal structure    CShM =    3.78220
    Cu      M         16.1973  49.1328  65.7433
    S       L1        15.7339  47.0539  66.2845
    S       L2        18.2317  49.6275  66.4111
    N       L3        14.7592  50.4808  66.7151


 fvOC-3       Ideal structure    CShM =   11.32939
    Cu      M         16.1408  49.1804  65.2882
    S       L1        15.7950  47.1981  66.4675
    S       L2        18.0856  49.5709  66.5149
    N       L3        14.9007  50.3456  66.8833


 mvOC-3       Ideal structure    CShM =    4.41909
    Cu      M         15.7023  48.9293  66.2861
    S       L1        16.2776  46.8306  66.0368
    S       L2        17.8150  49.5072  66.2958
    N       L3        15.1270  51.0279  66.5353


--------------------------------------------------------------------------------
