--------------------------------------------------------------------------------
S H A P E   v2.1         Continuous Shape Measures calculation
(c) 2013  Electronic Structure Group, Universitat de Barcelona
                   Contact:  llunell@ub.edu                   
--------------------------------------------------------------------------------

tetrahedral Zn 
--------------------------------------------------------------------------------

Ideal structures   ML3 
TP-3            1 D3h   Trigonal
vT-3            2 C3v   Vacant tetrahedron
fvOC-3          3 C3v   fac-Trivacant octahedron
mvOC-3          4 C2v   mer-Trivacant octahedron

--------------------------------------------------------------------------------

Structure     1    [0]
    Cu        18.0780  48.1840  66.7450
    S         16.2300  46.9170  66.3110
    S         18.2830  47.8820  68.9950
    S         18.9760  49.2240  64.9730


 TP-3         Ideal structure    CShM =    1.85237
    Cu      M         17.8918  48.0517  66.7560
    S       L1        16.1077  46.8580  66.1457
    S       L2        18.5339  48.0856  68.8930
    S       L3        19.0337  49.2117  65.2292


 vT-3         Ideal structure    CShM =    4.73468
    Cu      M         18.2405  47.6053  66.6629
    S       L1        16.0775  46.9992  66.1860
    S       L2        18.3885  48.2465  68.8630
    S       L3        18.8605  49.3559  65.3120


 fvOC-3       Ideal structure    CShM =   12.53458
    Cu      M         18.5532  47.2496  66.5867
    S       L1        16.1446  47.1783  66.2530
    S       L2        18.2245  48.3729  68.7193
    S       L3        18.6448  49.4062  65.4649


 mvOC-3       Ideal structure    CShM =    3.67856
    Cu      M         18.3530  48.3588  66.9179
    S       L2        16.5080  47.1306  66.2702
    S       L1        18.0402  47.6769  69.1018
    S       L3        18.6658  49.0407  64.7341


--------------------------------------------------------------------------------
