--------------------------------------------------------------------------------
S H A P E   v2.1         Continuous Shape Measures calculation
(c) 2013  Electronic Structure Group, Universitat de Barcelona
                   Contact:  llunell@ub.edu                   
--------------------------------------------------------------------------------

tetrahedral Zn 
--------------------------------------------------------------------------------

Ideal structures   ML4 
SP-4            1 D4h   Square
T-4             2 Td    Tetrahedron
SS-4            3 C2v   Seesaw
vTBPY-4         4 C3v   Vacant trigonal bipyramid

--------------------------------------------------------------------------------

Structure     1    [0]
    Zn        60.1280  19.6990  86.9240
    S         62.2900  20.6040  86.4880
    S         58.8140  21.0610  88.3690
    S         59.2600  18.7460  84.9020
    N         60.3730  17.8670  88.0490


 SP-4         Ideal structure    CShM =   28.50956
    Zn      M         60.1730  19.5954  86.9464
    S       L1        61.1976  21.0549  86.1086
    S       L2        59.9613  20.6802  88.5774
    S       L4        60.3847  18.5106  85.3154
    N       L3        59.1484  18.1359  87.7842


 T-4          Ideal structure    CShM =    1.17107
    Zn      M         60.1730  19.5954  86.9464
    S       L1        62.2074  20.6129  86.5081
    S       L2        58.8069  21.0665  88.1022
    S       L3        59.1581  19.0063  84.9491
    N       L4        60.5195  17.6959  88.2262


 SS-4         Ideal structure    CShM =    6.26269
    Zn      M         59.5808  19.8265  86.7267
    S       L2        61.8422  20.5334  86.5228
    S       L1        59.3533  21.1252  88.7058
    S       L4        59.8083  18.5279  84.7475
    N       L3        60.2805  17.9640  88.0292


 vTBPY-4      Ideal structure    CShM =    1.56455
    Zn      M         60.0972  19.9834  86.6842
    S       L2        62.4283  20.4210  86.6577
    S       L3        58.7409  20.8841  88.4091
    S       L4        59.1224  18.6451  84.9857
    N       L1        60.4762  18.0434  87.9953


--------------------------------------------------------------------------------
