--------------------------------------------------------------------------------
S H A P E   v2.1         Continuous Shape Measures calculation
(c) 2013  Electronic Structure Group, Universitat de Barcelona
                   Contact:  llunell@ub.edu                   
--------------------------------------------------------------------------------

coordination ZF1 
--------------------------------------------------------------------------------

Ideal structures   ML4 
SP-4            1 D4h   Square
T-4             2 Td    Tetrahedron
SS-4            3 C2v   Seesaw
vTBPY-4         4 C3v   Vacant trigonal bipyramid

--------------------------------------------------------------------------------

Structure     1    [0]
    Zn        59.6570  20.0810  86.8650
    S         61.5210  21.3580  86.3720
    N         60.0910  18.3680  87.9930
    S         58.2290  21.3880  88.1820
    S         58.8500  19.1050  84.9260


 SP-4         Ideal structure    CShM =   27.76335
    Zn      M         59.6696  20.0600  86.8676
    S       L1        60.4244  21.5983  85.9836
    N       L3        58.9148  18.5217  87.7516
    S       L2        59.3560  21.1212  88.4466
    S       L4        59.9832  18.9988  85.2886


 T-4          Ideal structure    CShM =    0.80966
    Zn      M         59.6696  20.0600  86.8676
    S       L1        61.5040  21.2881  86.3865
    N       L2        60.2596  18.2952  88.1491
    S       L3        58.1796  21.3382  87.9860
    S       L4        58.7352  19.3185  84.9488


 SS-4         Ideal structure    CShM =    6.70491
    Zn      M         59.0655  20.1992  86.6616
    S       L2        61.1452  21.1686  86.3972
    N       L3        60.0064  18.5338  87.9562
    S       L1        58.7127  21.4726  88.5560
    S       L4        59.4182  18.9258  84.7671


 vTBPY-4      Ideal structure    CShM =    2.43591
    Zn      M         59.5450  20.4166  86.6055
    S       L2        61.7303  21.1268  86.5328
    N       L1        60.1681  18.6336  87.9162
    S       L3        58.1505  21.1575  88.2763
    S       L4        58.7542  18.9654  85.0073


--------------------------------------------------------------------------------
