--------------------------------------------------------------------------------
S H A P E   v2.1         Continuous Shape Measures calculation
(c) 2013  Electronic Structure Group, Universitat de Barcelona
                   Contact:  llunell@ub.edu                   
--------------------------------------------------------------------------------

coordination ZF2 
--------------------------------------------------------------------------------

Ideal structures   ML4 
SP-4            1 D4h   Square
T-4             2 Td    Tetrahedron
SS-4            3 C2v   Seesaw
vTBPY-4         4 C3v   Vacant trigonal bipyramid

--------------------------------------------------------------------------------

Structure     1    [0]
    Zn        17.2750  48.8730  66.4680
    S         16.1660  46.8670  65.9450
    N         15.9560  50.4070  65.9250
    S         17.6430  49.0730  68.7450
    S         19.1230  49.1920  65.1800


 SP-4         Ideal structure    CShM =   32.88125
    Zn      M         17.2326  48.8824  66.4526
    S       L1        17.3472  47.0340  66.4512
    N       L3        17.1180  50.7308  66.4540
    S       L2        16.5221  48.8371  68.1623
    S       L4        17.9431  48.9277  64.7429


 T-4          Ideal structure    CShM =    0.44786
    Zn      M         17.2326  48.8824  66.4526
    S       L1        16.2766  46.8925  65.9907
    N       L2        15.8147  50.5453  65.8944
    S       L3        17.6981  48.9993  68.6564
    S       L4        19.1410  49.0925  65.2689


 SS-4         Ideal structure    CShM =    8.53318
    Zn      M         17.8219  48.9551  66.7034
    S       L2        16.5324  47.1727  66.1085
    N       L3        16.1649  50.3739  66.0441
    S       L1        16.9359  48.8956  68.8022
    S       L4        18.7079  49.0146  64.6047


 vTBPY-4      Ideal structure    CShM =    1.87204
    Zn      M         17.5226  48.5445  66.5658
    S       L2        15.9828  46.9890  65.8672
    N       L1        16.0726  50.2342  65.9996
    S       L3        17.5155  49.2690  68.7461
    S       L4        19.0695  49.3754  65.0842


--------------------------------------------------------------------------------
