--------------------------------------------------------------------------------
S H A P E   v2.1         Continuous Shape Measures calculation
(c) 2013  Electronic Structure Group, Universitat de Barcelona
                   Contact:  llunell@ub.edu                   
--------------------------------------------------------------------------------

tetrahedral Cu 
--------------------------------------------------------------------------------

Ideal structures   ML4 
SP-4            1 D4h   Square
T-4             2 Td    Tetrahedron
SS-4            3 C2v   Seesaw
vTBPY-4         4 C3v   Vacant trigonal bipyramid

--------------------------------------------------------------------------------

Structure     1    [0]
    Cu        60.3780  19.8200  87.1050
    S         62.1810  21.2390  86.6400
    S         59.1810  21.1550  88.6160
    S         60.3000  18.7600  85.0010
    N         60.2230  17.9660  88.1340


 SP-4         Ideal structure    CShM =   12.56911
    Cu      M         60.4526  19.7880  87.0992
    S       L1        61.4811  21.4929  86.3051
    S       L2        59.9104  20.9234  88.8347
    S       L4        60.9948  18.6526  85.3637
    N       L3        59.4241  18.0831  87.8933


 T-4          Ideal structure    CShM =    6.85629
    Cu      M         60.4526  19.7880  87.0992
    S       L1        62.3550  20.9054  86.9336
    S       L2        58.9189  21.0778  88.0370
    S       L3        59.7744  19.1833  85.0819
    N       L4        60.7620  17.9855  88.3444


 SS-4         Ideal structure    CShM =    3.83530
    Cu      M         59.8757  19.9707  86.8110
    S       L2        62.0698  20.8632  86.8818
    S       L1        59.3056  21.2188  88.7430
    S       L4        60.4458  18.7226  84.8789
    N       L3        60.5660  18.1648  88.1813


 vTBPY-4      Ideal structure    CShM =    8.22109
    Cu      M         60.3668  20.1483  86.8424
    S       L2        62.5135  20.8028  87.0433
    S       L3        58.8313  20.8473  88.3360
    S       L4        59.7555  18.7947  85.1478
    N       L1        60.7958  18.3470  88.1264


--------------------------------------------------------------------------------
