--------------------------------------------------------------------------------
S H A P E   v2.1         Continuous Shape Measures calculation
(c) 2013  Electronic Structure Group, Universitat de Barcelona
                   Contact:  llunell@ub.edu                   
--------------------------------------------------------------------------------

tetrahedral Zn 
--------------------------------------------------------------------------------

Ideal structures   ML3 
TP-3            1 D3h   Trigonal
vT-3            2 C3v   Vacant tetrahedron
fvOC-3          3 C3v   fac-Trivacant octahedron
mvOC-3          4 C2v   mer-Trivacant octahedron

--------------------------------------------------------------------------------

Structure     1    [0]
    Cu        60.0040  20.0470  87.4180
    S         61.0180  21.1680  85.8070
    S         58.4430  21.3530  88.4420
    N         59.9990  18.2590  88.2980


 TP-3         Ideal structure    CShM =    1.08361
    Cu      M         59.8660  20.2067  87.4913
    S       L1        61.0338  20.9821  85.8790
    S       L2        58.4028  21.4407  88.4403
    N       L3        60.1614  18.1975  88.1544


 vT-3         Ideal structure    CShM =    4.01639
    Cu      M         59.4964  20.0225  87.1287
    S       L1        61.1341  21.0261  86.0598
    S       L2        58.5329  21.4474  88.4971
    N       L3        60.3006  18.3310  88.2793


 fvOC-3       Ideal structure    CShM =   11.89785
    Cu      M         59.2056  19.8499  86.8184
    S       L1        61.1471  21.0265  86.3025
    S       L2        58.7173  21.3903  88.4944
    N       L3        60.3940  18.5603  88.3498


 mvOC-3       Ideal structure    CShM =    4.78541
    Cu      M         60.2392  19.8860  87.2517
    S       L1        60.7719  21.5193  85.8948
    S       L2        58.7464  21.1690  88.2100
    N       L3        59.7065  18.2527  88.6086


--------------------------------------------------------------------------------
