--------------------------------------------------------------------------------
S H A P E   v2.1         Continuous Shape Measures calculation
(c) 2013  Electronic Structure Group, Universitat de Barcelona
                   Contact:  llunell@ub.edu                   
--------------------------------------------------------------------------------

tetrahedral Zn 
--------------------------------------------------------------------------------

Ideal structures   ML3 
TP-3            1 D3h   Trigonal
vT-3            2 C3v   Vacant tetrahedron
fvOC-3          3 C3v   fac-Trivacant octahedron
mvOC-3          4 C2v   mer-Trivacant octahedron

--------------------------------------------------------------------------------

Structure     1    [0]
    Cu        60.6770  21.0760  87.0070
    S         62.4440  22.4840  86.6500
    S         59.3830  22.1740  88.5090
    S         60.8060  19.0910  85.9930


 TP-3         Ideal structure    CShM =    1.27770
    Cu      M         60.8275  21.2063  87.0397
    S       L1        62.5794  22.5064  86.5504
    S       L2        59.2536  21.9355  88.4504
    S       L3        60.6495  19.1769  86.1184


 vT-3         Ideal structure    CShM =    3.74119
    Cu      M         60.5272  21.4236  86.5982
    S       L1        62.6073  22.4159  86.6756
    S       L2        59.4043  21.8375  88.5692
    S       L3        60.7712  19.1480  86.3159


 fvOC-3       Ideal structure    CShM =   11.23813
    Cu      M         60.2602  21.5888  86.2302
    S       L1        62.5386  22.2730  86.8073
    S       L2        59.6227  21.7211  88.5900
    S       L3        60.8885  19.2421  86.5314


 mvOC-3       Ideal structure    CShM =    4.40596
    Cu      M         60.3739  20.8762  87.1638
    S       L2        62.1882  22.1963  86.6675
    S       L1        59.5552  22.5205  88.5445
    S       L3        61.1927  19.2319  85.7831


--------------------------------------------------------------------------------
